<?xml version="1.0" encoding="UTF-8"?>
<!-- Generated by org.testng.reporters.JUnitReportReporter -->
<testsuite hostname="4SHISH" failures="0" tests="3" name="base" time="53.968" errors="0" timestamp="2024-03-28T01:31:44 IST" skipped="0">
  <testcase classname="base" name="first" time="16.624"/>
  <testcase classname="base" name="second" time="27.390"/>
  <testcase classname="base" name="third" time="9.954"/>
</testsuite> <!-- base -->
